2025-11-10 08:37:39,444 - getRealtimeNews - INFO - Strategy Cnbc start
2025-11-10 08:37:39,460 - getRealtimeNews - INFO - Strategy Cnbc1 start
2025-11-10 08:37:39,468 - getRealtimeNews - INFO - Strategy Yahoo start
2025-11-10 08:37:39,483 - getRealtimeNews - INFO - Strategy Wallstreetcn start
2025-11-10 08:37:39,506 - getRealtimeNews - INFO - Strategy Wallstreetcn1 start
2025-11-10 08:37:39,523 - getRealtimeNews - INFO - Strategy Jqka start
2025-11-10 08:37:39,536 - getRealtimeNews - INFO - Strategy Techweb start
2025-11-10 08:37:39,560 - getRealtimeNews - INFO - Strategy Geekpark start
2025-11-10 08:37:39,573 - getRealtimeNews - INFO - Strategy Zaobao start
2025-11-10 08:37:39,585 - getRealtimeNews - INFO - Strategy Zaobao1 start
2025-11-10 08:37:39,599 - getRealtimeNews - INFO - Strategy Seekingalpha start
2025-11-10 08:37:39,609 - getRealtimeNews - INFO - Strategy Zhengce start
2025-11-10 08:37:39,617 - getRealtimeNews - INFO - Strategy Mod start
2025-11-10 08:37:39,632 - getRealtimeNews - INFO - Strategy Ndrc start
2025-11-10 08:37:39,643 - getRealtimeNews - INFO - Strategy Most start
2025-11-10 08:37:39,661 - getRealtimeNews - INFO - Strategy Miit start
2025-11-10 08:37:39,667 - getRealtimeNews - INFO - Strategy Mof start
2025-11-10 08:37:39,682 - getRealtimeNews - INFO - Strategy Mohurd start
2025-11-10 08:37:39,690 - getRealtimeNews - INFO - Strategy Mot start
2025-11-10 08:37:39,699 - getRealtimeNews - INFO - Strategy Mwr start
2025-11-10 08:37:39,707 - getRealtimeNews - INFO - Strategy Moa start
2025-11-10 08:37:39,716 - getRealtimeNews - INFO - Strategy Mofcom start
2025-11-10 08:37:39,729 - getRealtimeNews - INFO - Strategy Mofcom1 start
2025-11-10 08:37:39,740 - getRealtimeNews - INFO - Strategy Mct start
2025-11-10 08:37:39,752 - getRealtimeNews - INFO - Strategy Nhc start
2025-11-10 08:37:39,762 - getRealtimeNews - INFO - Strategy Pbc start
2025-11-10 08:37:39,770 - getRealtimeNews - INFO - Strategy Fmprc start
2025-11-10 08:37:39,781 - getRealtimeNews - INFO - Strategy Ppxw start
2025-11-10 08:37:39,798 - getRealtimeNews - INFO - Strategy Ygw start
2025-11-10 08:37:39,825 - getRealtimeNews - INFO - Strategy Xhw start
2025-11-10 08:37:39,836 - getRealtimeNews - INFO - Strategy Zgrbw start
2025-11-10 08:37:39,845 - getRealtimeNews - INFO - Strategy Rmw start
2025-11-10 08:37:39,856 - getRealtimeNews - INFO - Strategy Biztoc start
2025-11-10 08:37:39,864 - getRealtimeNews - INFO - Strategy Finviz start
2025-11-10 08:37:39,873 - getRealtimeNews - INFO - Strategy Ft start
