2025-10-29 19:09:52,385 - urlsAPI - ERROR - failed to save urls, Object of type ObjectId is not JSON serializable
Traceback (most recent call last):
  File "apis\urlsAPI.py", line 28, in save_urls
  File "flask\json\__init__.py", line 170, in jsonify
  File "flask\json\provider.py", line 214, in response
  File "flask\json\provider.py", line 179, in dumps
  File "json\__init__.py", line 238, in dumps
  File "json\encoder.py", line 202, in encode
  File "json\encoder.py", line 432, in _iterencode
  File "json\encoder.py", line 406, in _iterencode_dict
  File "json\encoder.py", line 326, in _iterencode_list
  File "json\encoder.py", line 406, in _iterencode_dict
  File "json\encoder.py", line 439, in _iterencode
  File "flask\json\provider.py", line 121, in _default
TypeError: Object of type ObjectId is not JSON serializable
2025-10-29 19:20:19,094 - urlsAPI - ERROR - failed to save urls, Object of type ObjectId is not JSON serializable
Traceback (most recent call last):
  File "apis\urlsAPI.py", line 28, in save_urls
  File "flask\json\__init__.py", line 170, in jsonify
  File "flask\json\provider.py", line 214, in response
  File "flask\json\provider.py", line 179, in dumps
  File "json\__init__.py", line 238, in dumps
  File "json\encoder.py", line 202, in encode
  File "json\encoder.py", line 432, in _iterencode
  File "json\encoder.py", line 406, in _iterencode_dict
  File "json\encoder.py", line 326, in _iterencode_list
  File "json\encoder.py", line 406, in _iterencode_dict
  File "json\encoder.py", line 439, in _iterencode
  File "flask\json\provider.py", line 121, in _default
TypeError: Object of type ObjectId is not JSON serializable
