[2024-05-15 14:53:14] INFO:apscheduler.scheduler:Adding job tentatively -- it will be properly scheduled when the scheduler starts
[2024-05-15 14:53:14] INFO:apscheduler.scheduler:Adding job tentatively -- it will be properly scheduled when the scheduler starts
[2024-05-15 14:53:14] INFO:apscheduler.scheduler:Adding job tentatively -- it will be properly scheduled when the scheduler starts
[2024-05-15 14:53:14] INFO:apscheduler.scheduler:Added job "DFCFDataLoader.run" to job store "default"
[2024-05-15 14:53:14] INFO:apscheduler.scheduler:Added job "DFCFDataLoader.run" to job store "default"
[2024-05-15 14:53:14] INFO:apscheduler.scheduler:Added job "DFCFDataLoader.run" to job store "default"
[2024-05-15 14:53:14] INFO:apscheduler.scheduler:Scheduler started
[2024-05-15 14:53:14] INFO:firestone_engine.DFCFDataLoader:job get data for ['000000'] is start
[2024-05-15 14:53:15] INFO:apscheduler.executors.default:Running job "DFCFDataLoader.run (trigger: cron[hour='10,13-14', minute='*', second='*/3'], next run at: 2024-05-15 14:53:15 CST)" (scheduled at 2024-05-15 14:53:15+08:00)
[2024-05-15 14:53:15] INFO:apscheduler.executors.default:Job "DFCFDataLoader.run (trigger: cron[hour='10,13-14', minute='*', second='*/3'], next run at: 2024-05-15 14:53:18 CST)" executed successfully
[2024-05-15 14:53:18] INFO:apscheduler.executors.default:Running job "DFCFDataLoader.run (trigger: cron[hour='10,13-14', minute='*', second='*/3'], next run at: 2024-05-15 14:53:18 CST)" (scheduled at 2024-05-15 14:53:18+08:00)
[2024-05-15 14:53:18] INFO:apscheduler.executors.default:Job "DFCFDataLoader.run (trigger: cron[hour='10,13-14', minute='*', second='*/3'], next run at: 2024-05-15 14:53:21 CST)" executed successfully
[2024-05-15 14:53:21] INFO:apscheduler.executors.default:Running job "DFCFDataLoader.run (trigger: cron[hour='10,13-14', minute='*', second='*/3'], next run at: 2024-05-15 14:53:21 CST)" (scheduled at 2024-05-15 14:53:21+08:00)
[2024-05-15 14:53:21] INFO:apscheduler.executors.default:Job "DFCFDataLoader.run (trigger: cron[hour='10,13-14', minute='*', second='*/3'], next run at: 2024-05-15 14:53:24 CST)" executed successfully
[2024-05-15 14:53:24] INFO:apscheduler.executors.default:Running job "DFCFDataLoader.run (trigger: cron[hour='10,13-14', minute='*', second='*/3'], next run at: 2024-05-15 14:53:24 CST)" (scheduled at 2024-05-15 14:53:24+08:00)
[2024-05-15 14:53:24] INFO:apscheduler.executors.default:Job "DFCFDataLoader.run (trigger: cron[hour='10,13-14', minute='*', second='*/3'], next run at: 2024-05-15 14:53:27 CST)" executed successfully
[2024-05-15 14:53:27] INFO:apscheduler.executors.default:Running job "DFCFDataLoader.run (trigger: cron[hour='10,13-14', minute='*', second='*/3'], next run at: 2024-05-15 14:53:27 CST)" (scheduled at 2024-05-15 14:53:27+08:00)
[2024-05-15 14:53:27] INFO:apscheduler.executors.default:Job "DFCFDataLoader.run (trigger: cron[hour='10,13-14', minute='*', second='*/3'], next run at: 2024-05-15 14:53:27 CST)" executed successfully
[2024-05-15 14:53:30] INFO:apscheduler.executors.default:Running job "DFCFDataLoader.run (trigger: cron[hour='10,13-14', minute='*', second='*/3'], next run at: 2024-05-15 14:53:30 CST)" (scheduled at 2024-05-15 14:53:30+08:00)
[2024-05-15 14:53:30] INFO:apscheduler.executors.default:Job "DFCFDataLoader.run (trigger: cron[hour='10,13-14', minute='*', second='*/3'], next run at: 2024-05-15 14:53:33 CST)" executed successfully
[2024-05-15 14:53:33] INFO:apscheduler.executors.default:Running job "DFCFDataLoader.run (trigger: cron[hour='10,13-14', minute='*', second='*/3'], next run at: 2024-05-15 14:53:33 CST)" (scheduled at 2024-05-15 14:53:33+08:00)
[2024-05-15 14:53:33] INFO:apscheduler.executors.default:Job "DFCFDataLoader.run (trigger: cron[hour='10,13-14', minute='*', second='*/3'], next run at: 2024-05-15 14:53:36 CST)" executed successfully
[2024-05-15 14:53:36] INFO:apscheduler.executors.default:Running job "DFCFDataLoader.run (trigger: cron[hour='10,13-14', minute='*', second='*/3'], next run at: 2024-05-15 14:53:36 CST)" (scheduled at 2024-05-15 14:53:36+08:00)
[2024-05-15 14:53:36] INFO:apscheduler.executors.default:Job "DFCFDataLoader.run (trigger: cron[hour='10,13-14', minute='*', second='*/3'], next run at: 2024-05-15 14:53:39 CST)" executed successfully
[2024-05-15 14:53:39] INFO:apscheduler.executors.default:Running job "DFCFDataLoader.run (trigger: cron[hour='10,13-14', minute='*', second='*/3'], next run at: 2024-05-15 14:53:39 CST)" (scheduled at 2024-05-15 14:53:39+08:00)
[2024-05-15 14:53:39] INFO:apscheduler.executors.default:Job "DFCFDataLoader.run (trigger: cron[hour='10,13-14', minute='*', second='*/3'], next run at: 2024-05-15 14:53:42 CST)" executed successfully
[2024-05-15 14:53:42] INFO:apscheduler.executors.default:Running job "DFCFDataLoader.run (trigger: cron[hour='10,13-14', minute='*', second='*/3'], next run at: 2024-05-15 14:53:42 CST)" (scheduled at 2024-05-15 14:53:42+08:00)
[2024-05-15 14:53:42] INFO:apscheduler.executors.default:Job "DFCFDataLoader.run (trigger: cron[hour='10,13-14', minute='*', second='*/3'], next run at: 2024-05-15 14:53:45 CST)" executed successfully
[2024-05-15 14:53:45] INFO:apscheduler.executors.default:Running job "DFCFDataLoader.run (trigger: cron[hour='10,13-14', minute='*', second='*/3'], next run at: 2024-05-15 14:53:48 CST)" (scheduled at 2024-05-15 14:53:45+08:00)
[2024-05-15 14:53:45] INFO:apscheduler.executors.default:Job "DFCFDataLoader.run (trigger: cron[hour='10,13-14', minute='*', second='*/3'], next run at: 2024-05-15 14:53:48 CST)" executed successfully
[2024-05-15 14:53:48] INFO:apscheduler.executors.default:Running job "DFCFDataLoader.run (trigger: cron[hour='10,13-14', minute='*', second='*/3'], next run at: 2024-05-15 14:53:51 CST)" (scheduled at 2024-05-15 14:53:48+08:00)
[2024-05-15 14:53:48] INFO:apscheduler.executors.default:Job "DFCFDataLoader.run (trigger: cron[hour='10,13-14', minute='*', second='*/3'], next run at: 2024-05-15 14:53:51 CST)" executed successfully
[2024-05-15 14:53:51] INFO:apscheduler.executors.default:Running job "DFCFDataLoader.run (trigger: cron[hour='10,13-14', minute='*', second='*/3'], next run at: 2024-05-15 14:53:54 CST)" (scheduled at 2024-05-15 14:53:51+08:00)
[2024-05-15 14:53:51] INFO:apscheduler.executors.default:Job "DFCFDataLoader.run (trigger: cron[hour='10,13-14', minute='*', second='*/3'], next run at: 2024-05-15 14:53:54 CST)" executed successfully
[2024-05-15 14:53:54] INFO:apscheduler.executors.default:Running job "DFCFDataLoader.run (trigger: cron[hour='10,13-14', minute='*', second='*/3'], next run at: 2024-05-15 14:53:57 CST)" (scheduled at 2024-05-15 14:53:54+08:00)
[2024-05-15 14:53:54] INFO:apscheduler.executors.default:Job "DFCFDataLoader.run (trigger: cron[hour='10,13-14', minute='*', second='*/3'], next run at: 2024-05-15 14:53:57 CST)" executed successfully
[2024-05-15 14:53:57] INFO:apscheduler.executors.default:Running job "DFCFDataLoader.run (trigger: cron[hour='10,13-14', minute='*', second='*/3'], next run at: 2024-05-15 14:54:00 CST)" (scheduled at 2024-05-15 14:53:57+08:00)
[2024-05-15 14:53:57] INFO:apscheduler.executors.default:Job "DFCFDataLoader.run (trigger: cron[hour='10,13-14', minute='*', second='*/3'], next run at: 2024-05-15 14:54:00 CST)" executed successfully
[2024-05-15 14:54:00] INFO:apscheduler.executors.default:Running job "DFCFDataLoader.run (trigger: cron[hour='10,13-14', minute='*', second='*/3'], next run at: 2024-05-15 14:54:03 CST)" (scheduled at 2024-05-15 14:54:00+08:00)
[2024-05-15 14:54:00] INFO:apscheduler.executors.default:Job "DFCFDataLoader.run (trigger: cron[hour='10,13-14', minute='*', second='*/3'], next run at: 2024-05-15 14:54:03 CST)" executed successfully
[2024-05-15 14:54:03] INFO:apscheduler.executors.default:Running job "DFCFDataLoader.run (trigger: cron[hour='10,13-14', minute='*', second='*/3'], next run at: 2024-05-15 14:54:06 CST)" (scheduled at 2024-05-15 14:54:03+08:00)
[2024-05-15 14:54:03] INFO:apscheduler.executors.default:Job "DFCFDataLoader.run (trigger: cron[hour='10,13-14', minute='*', second='*/3'], next run at: 2024-05-15 14:54:06 CST)" executed successfully
[2024-05-15 14:54:06] INFO:apscheduler.executors.default:Running job "DFCFDataLoader.run (trigger: cron[hour='10,13-14', minute='*', second='*/3'], next run at: 2024-05-15 14:54:09 CST)" (scheduled at 2024-05-15 14:54:06+08:00)
[2024-05-15 14:54:06] INFO:apscheduler.executors.default:Job "DFCFDataLoader.run (trigger: cron[hour='10,13-14', minute='*', second='*/3'], next run at: 2024-05-15 14:54:09 CST)" executed successfully
[2024-05-15 14:54:09] INFO:apscheduler.executors.default:Running job "DFCFDataLoader.run (trigger: cron[hour='10,13-14', minute='*', second='*/3'], next run at: 2024-05-15 14:54:12 CST)" (scheduled at 2024-05-15 14:54:09+08:00)
[2024-05-15 14:54:09] INFO:apscheduler.executors.default:Job "DFCFDataLoader.run (trigger: cron[hour='10,13-14', minute='*', second='*/3'], next run at: 2024-05-15 14:54:12 CST)" executed successfully
[2024-05-15 14:54:12] INFO:apscheduler.executors.default:Running job "DFCFDataLoader.run (trigger: cron[hour='10,13-14', minute='*', second='*/3'], next run at: 2024-05-15 14:54:15 CST)" (scheduled at 2024-05-15 14:54:12+08:00)
[2024-05-15 14:54:12] INFO:apscheduler.executors.default:Job "DFCFDataLoader.run (trigger: cron[hour='10,13-14', minute='*', second='*/3'], next run at: 2024-05-15 14:54:15 CST)" executed successfully
[2024-05-15 14:54:15] INFO:apscheduler.executors.default:Running job "DFCFDataLoader.run (trigger: cron[hour='10,13-14', minute='*', second='*/3'], next run at: 2024-05-15 14:54:18 CST)" (scheduled at 2024-05-15 14:54:15+08:00)
[2024-05-15 14:54:15] INFO:apscheduler.executors.default:Job "DFCFDataLoader.run (trigger: cron[hour='10,13-14', minute='*', second='*/3'], next run at: 2024-05-15 14:54:18 CST)" executed successfully
[2024-05-15 14:54:18] INFO:apscheduler.executors.default:Running job "DFCFDataLoader.run (trigger: cron[hour='10,13-14', minute='*', second='*/3'], next run at: 2024-05-15 14:54:21 CST)" (scheduled at 2024-05-15 14:54:18+08:00)
[2024-05-15 14:54:18] INFO:apscheduler.executors.default:Job "DFCFDataLoader.run (trigger: cron[hour='10,13-14', minute='*', second='*/3'], next run at: 2024-05-15 14:54:21 CST)" executed successfully
[2024-05-15 14:54:21] INFO:apscheduler.executors.default:Running job "DFCFDataLoader.run (trigger: cron[hour='10,13-14', minute='*', second='*/3'], next run at: 2024-05-15 14:54:24 CST)" (scheduled at 2024-05-15 14:54:21+08:00)
[2024-05-15 14:54:21] INFO:apscheduler.executors.default:Job "DFCFDataLoader.run (trigger: cron[hour='10,13-14', minute='*', second='*/3'], next run at: 2024-05-15 14:54:24 CST)" executed successfully
[2024-05-15 14:54:24] INFO:apscheduler.executors.default:Running job "DFCFDataLoader.run (trigger: cron[hour='10,13-14', minute='*', second='*/3'], next run at: 2024-05-15 14:54:27 CST)" (scheduled at 2024-05-15 14:54:24+08:00)
[2024-05-15 14:54:24] INFO:apscheduler.executors.default:Job "DFCFDataLoader.run (trigger: cron[hour='10,13-14', minute='*', second='*/3'], next run at: 2024-05-15 14:54:27 CST)" executed successfully
[2024-05-15 14:54:27] INFO:apscheduler.executors.default:Running job "DFCFDataLoader.run (trigger: cron[hour='10,13-14', minute='*', second='*/3'], next run at: 2024-05-15 14:54:30 CST)" (scheduled at 2024-05-15 14:54:27+08:00)
[2024-05-15 14:54:27] INFO:apscheduler.executors.default:Job "DFCFDataLoader.run (trigger: cron[hour='10,13-14', minute='*', second='*/3'], next run at: 2024-05-15 14:54:30 CST)" executed successfully
[2024-05-15 14:54:30] INFO:apscheduler.executors.default:Running job "DFCFDataLoader.run (trigger: cron[hour='10,13-14', minute='*', second='*/3'], next run at: 2024-05-15 14:54:33 CST)" (scheduled at 2024-05-15 14:54:30+08:00)
[2024-05-15 14:54:30] INFO:apscheduler.executors.default:Job "DFCFDataLoader.run (trigger: cron[hour='10,13-14', minute='*', second='*/3'], next run at: 2024-05-15 14:54:33 CST)" executed successfully
[2024-05-15 14:54:33] INFO:apscheduler.executors.default:Running job "DFCFDataLoader.run (trigger: cron[hour='10,13-14', minute='*', second='*/3'], next run at: 2024-05-15 14:54:36 CST)" (scheduled at 2024-05-15 14:54:33+08:00)
[2024-05-15 14:54:33] INFO:apscheduler.executors.default:Job "DFCFDataLoader.run (trigger: cron[hour='10,13-14', minute='*', second='*/3'], next run at: 2024-05-15 14:54:36 CST)" executed successfully
[2024-05-15 14:54:36] INFO:apscheduler.executors.default:Running job "DFCFDataLoader.run (trigger: cron[hour='10,13-14', minute='*', second='*/3'], next run at: 2024-05-15 14:54:39 CST)" (scheduled at 2024-05-15 14:54:36+08:00)
[2024-05-15 14:54:36] INFO:apscheduler.executors.default:Job "DFCFDataLoader.run (trigger: cron[hour='10,13-14', minute='*', second='*/3'], next run at: 2024-05-15 14:54:39 CST)" executed successfully
[2024-05-15 14:54:39] INFO:apscheduler.executors.default:Running job "DFCFDataLoader.run (trigger: cron[hour='10,13-14', minute='*', second='*/3'], next run at: 2024-05-15 14:54:42 CST)" (scheduled at 2024-05-15 14:54:39+08:00)
[2024-05-15 14:54:39] INFO:apscheduler.executors.default:Job "DFCFDataLoader.run (trigger: cron[hour='10,13-14', minute='*', second='*/3'], next run at: 2024-05-15 14:54:42 CST)" executed successfully
[2024-05-15 14:54:42] INFO:apscheduler.executors.default:Running job "DFCFDataLoader.run (trigger: cron[hour='10,13-14', minute='*', second='*/3'], next run at: 2024-05-15 14:54:45 CST)" (scheduled at 2024-05-15 14:54:42+08:00)
[2024-05-15 14:54:42] INFO:apscheduler.executors.default:Job "DFCFDataLoader.run (trigger: cron[hour='10,13-14', minute='*', second='*/3'], next run at: 2024-05-15 14:54:45 CST)" executed successfully
[2024-05-15 14:54:45] INFO:apscheduler.executors.default:Running job "DFCFDataLoader.run (trigger: cron[hour='10,13-14', minute='*', second='*/3'], next run at: 2024-05-15 14:54:48 CST)" (scheduled at 2024-05-15 14:54:45+08:00)
[2024-05-15 14:54:45] INFO:apscheduler.executors.default:Job "DFCFDataLoader.run (trigger: cron[hour='10,13-14', minute='*', second='*/3'], next run at: 2024-05-15 14:54:48 CST)" executed successfully
[2024-05-15 14:54:48] INFO:apscheduler.executors.default:Running job "DFCFDataLoader.run (trigger: cron[hour='10,13-14', minute='*', second='*/3'], next run at: 2024-05-15 14:54:51 CST)" (scheduled at 2024-05-15 14:54:48+08:00)
[2024-05-15 14:54:48] INFO:apscheduler.executors.default:Job "DFCFDataLoader.run (trigger: cron[hour='10,13-14', minute='*', second='*/3'], next run at: 2024-05-15 14:54:51 CST)" executed successfully
[2024-05-15 14:54:51] INFO:apscheduler.executors.default:Running job "DFCFDataLoader.run (trigger: cron[hour='10,13-14', minute='*', second='*/3'], next run at: 2024-05-15 14:54:54 CST)" (scheduled at 2024-05-15 14:54:51+08:00)
[2024-05-15 14:54:51] INFO:apscheduler.executors.default:Job "DFCFDataLoader.run (trigger: cron[hour='10,13-14', minute='*', second='*/3'], next run at: 2024-05-15 14:54:54 CST)" executed successfully
[2024-05-15 14:54:54] INFO:apscheduler.executors.default:Running job "DFCFDataLoader.run (trigger: cron[hour='10,13-14', minute='*', second='*/3'], next run at: 2024-05-15 14:54:57 CST)" (scheduled at 2024-05-15 14:54:54+08:00)
[2024-05-15 14:54:54] INFO:apscheduler.executors.default:Job "DFCFDataLoader.run (trigger: cron[hour='10,13-14', minute='*', second='*/3'], next run at: 2024-05-15 14:54:57 CST)" executed successfully
[2024-05-15 14:54:57] INFO:apscheduler.executors.default:Running job "DFCFDataLoader.run (trigger: cron[hour='10,13-14', minute='*', second='*/3'], next run at: 2024-05-15 14:55:00 CST)" (scheduled at 2024-05-15 14:54:57+08:00)
[2024-05-15 14:54:57] INFO:apscheduler.executors.default:Job "DFCFDataLoader.run (trigger: cron[hour='10,13-14', minute='*', second='*/3'], next run at: 2024-05-15 14:55:00 CST)" executed successfully
[2024-05-15 14:55:00] INFO:apscheduler.executors.default:Running job "DFCFDataLoader.run (trigger: cron[hour='10,13-14', minute='*', second='*/3'], next run at: 2024-05-15 14:55:03 CST)" (scheduled at 2024-05-15 14:55:00+08:00)
[2024-05-15 14:55:00] INFO:apscheduler.executors.default:Job "DFCFDataLoader.run (trigger: cron[hour='10,13-14', minute='*', second='*/3'], next run at: 2024-05-15 14:55:03 CST)" executed successfully
[2024-05-15 14:55:03] INFO:apscheduler.executors.default:Running job "DFCFDataLoader.run (trigger: cron[hour='10,13-14', minute='*', second='*/3'], next run at: 2024-05-15 14:55:06 CST)" (scheduled at 2024-05-15 14:55:03+08:00)
[2024-05-15 14:55:03] INFO:apscheduler.executors.default:Job "DFCFDataLoader.run (trigger: cron[hour='10,13-14', minute='*', second='*/3'], next run at: 2024-05-15 14:55:06 CST)" executed successfully
[2024-05-15 14:55:06] INFO:apscheduler.executors.default:Running job "DFCFDataLoader.run (trigger: cron[hour='10,13-14', minute='*', second='*/3'], next run at: 2024-05-15 14:55:09 CST)" (scheduled at 2024-05-15 14:55:06+08:00)
[2024-05-15 14:55:06] INFO:apscheduler.executors.default:Job "DFCFDataLoader.run (trigger: cron[hour='10,13-14', minute='*', second='*/3'], next run at: 2024-05-15 14:55:09 CST)" executed successfully
[2024-05-15 14:55:09] INFO:apscheduler.executors.default:Running job "DFCFDataLoader.run (trigger: cron[hour='10,13-14', minute='*', second='*/3'], next run at: 2024-05-15 14:55:12 CST)" (scheduled at 2024-05-15 14:55:09+08:00)
[2024-05-15 14:55:09] INFO:apscheduler.executors.default:Job "DFCFDataLoader.run (trigger: cron[hour='10,13-14', minute='*', second='*/3'], next run at: 2024-05-15 14:55:12 CST)" executed successfully
[2024-05-15 14:55:12] INFO:apscheduler.executors.default:Running job "DFCFDataLoader.run (trigger: cron[hour='10,13-14', minute='*', second='*/3'], next run at: 2024-05-15 14:55:15 CST)" (scheduled at 2024-05-15 14:55:12+08:00)
[2024-05-15 14:55:12] INFO:apscheduler.executors.default:Job "DFCFDataLoader.run (trigger: cron[hour='10,13-14', minute='*', second='*/3'], next run at: 2024-05-15 14:55:15 CST)" executed successfully
[2024-05-15 14:55:15] INFO:apscheduler.executors.default:Running job "DFCFDataLoader.run (trigger: cron[hour='10,13-14', minute='*', second='*/3'], next run at: 2024-05-15 14:55:18 CST)" (scheduled at 2024-05-15 14:55:15+08:00)
[2024-05-15 14:55:15] INFO:apscheduler.executors.default:Job "DFCFDataLoader.run (trigger: cron[hour='10,13-14', minute='*', second='*/3'], next run at: 2024-05-15 14:55:18 CST)" executed successfully
[2024-05-15 14:55:18] INFO:apscheduler.executors.default:Running job "DFCFDataLoader.run (trigger: cron[hour='10,13-14', minute='*', second='*/3'], next run at: 2024-05-15 14:55:21 CST)" (scheduled at 2024-05-15 14:55:18+08:00)
[2024-05-15 14:55:18] INFO:apscheduler.executors.default:Job "DFCFDataLoader.run (trigger: cron[hour='10,13-14', minute='*', second='*/3'], next run at: 2024-05-15 14:55:21 CST)" executed successfully
[2024-05-15 14:55:21] INFO:apscheduler.executors.default:Running job "DFCFDataLoader.run (trigger: cron[hour='10,13-14', minute='*', second='*/3'], next run at: 2024-05-15 14:55:24 CST)" (scheduled at 2024-05-15 14:55:21+08:00)
[2024-05-15 14:55:21] INFO:apscheduler.executors.default:Job "DFCFDataLoader.run (trigger: cron[hour='10,13-14', minute='*', second='*/3'], next run at: 2024-05-15 14:55:24 CST)" executed successfully
[2024-05-15 14:55:24] INFO:apscheduler.executors.default:Running job "DFCFDataLoader.run (trigger: cron[hour='10,13-14', minute='*', second='*/3'], next run at: 2024-05-15 14:55:27 CST)" (scheduled at 2024-05-15 14:55:24+08:00)
[2024-05-15 14:55:24] INFO:apscheduler.executors.default:Job "DFCFDataLoader.run (trigger: cron[hour='10,13-14', minute='*', second='*/3'], next run at: 2024-05-15 14:55:27 CST)" executed successfully
[2024-05-15 14:55:27] INFO:apscheduler.executors.default:Running job "DFCFDataLoader.run (trigger: cron[hour='10,13-14', minute='*', second='*/3'], next run at: 2024-05-15 14:55:30 CST)" (scheduled at 2024-05-15 14:55:27+08:00)
[2024-05-15 14:55:27] INFO:apscheduler.executors.default:Job "DFCFDataLoader.run (trigger: cron[hour='10,13-14', minute='*', second='*/3'], next run at: 2024-05-15 14:55:30 CST)" executed successfully
[2024-05-15 14:55:30] INFO:apscheduler.executors.default:Running job "DFCFDataLoader.run (trigger: cron[hour='10,13-14', minute='*', second='*/3'], next run at: 2024-05-15 14:55:33 CST)" (scheduled at 2024-05-15 14:55:30+08:00)
[2024-05-15 14:55:30] INFO:apscheduler.executors.default:Job "DFCFDataLoader.run (trigger: cron[hour='10,13-14', minute='*', second='*/3'], next run at: 2024-05-15 14:55:33 CST)" executed successfully
[2024-05-15 14:55:33] INFO:apscheduler.executors.default:Running job "DFCFDataLoader.run (trigger: cron[hour='10,13-14', minute='*', second='*/3'], next run at: 2024-05-15 14:55:36 CST)" (scheduled at 2024-05-15 14:55:33+08:00)
[2024-05-15 14:55:33] INFO:apscheduler.executors.default:Job "DFCFDataLoader.run (trigger: cron[hour='10,13-14', minute='*', second='*/3'], next run at: 2024-05-15 14:55:36 CST)" executed successfully
[2024-05-15 14:55:36] INFO:apscheduler.executors.default:Running job "DFCFDataLoader.run (trigger: cron[hour='10,13-14', minute='*', second='*/3'], next run at: 2024-05-15 14:55:39 CST)" (scheduled at 2024-05-15 14:55:36+08:00)
[2024-05-15 14:55:36] INFO:apscheduler.executors.default:Job "DFCFDataLoader.run (trigger: cron[hour='10,13-14', minute='*', second='*/3'], next run at: 2024-05-15 14:55:39 CST)" executed successfully
[2024-05-15 14:55:39] INFO:apscheduler.executors.default:Running job "DFCFDataLoader.run (trigger: cron[hour='10,13-14', minute='*', second='*/3'], next run at: 2024-05-15 14:55:42 CST)" (scheduled at 2024-05-15 14:55:39+08:00)
[2024-05-15 14:55:39] INFO:apscheduler.executors.default:Job "DFCFDataLoader.run (trigger: cron[hour='10,13-14', minute='*', second='*/3'], next run at: 2024-05-15 14:55:42 CST)" executed successfully
[2024-05-15 14:55:42] INFO:apscheduler.executors.default:Running job "DFCFDataLoader.run (trigger: cron[hour='10,13-14', minute='*', second='*/3'], next run at: 2024-05-15 14:55:45 CST)" (scheduled at 2024-05-15 14:55:42+08:00)
[2024-05-15 14:55:42] INFO:apscheduler.executors.default:Job "DFCFDataLoader.run (trigger: cron[hour='10,13-14', minute='*', second='*/3'], next run at: 2024-05-15 14:55:45 CST)" executed successfully
[2024-05-15 14:55:45] INFO:apscheduler.executors.default:Running job "DFCFDataLoader.run (trigger: cron[hour='10,13-14', minute='*', second='*/3'], next run at: 2024-05-15 14:55:48 CST)" (scheduled at 2024-05-15 14:55:45+08:00)
[2024-05-15 14:55:45] INFO:apscheduler.executors.default:Job "DFCFDataLoader.run (trigger: cron[hour='10,13-14', minute='*', second='*/3'], next run at: 2024-05-15 14:55:48 CST)" executed successfully
[2024-05-15 14:55:48] INFO:apscheduler.executors.default:Running job "DFCFDataLoader.run (trigger: cron[hour='10,13-14', minute='*', second='*/3'], next run at: 2024-05-15 14:55:51 CST)" (scheduled at 2024-05-15 14:55:48+08:00)
[2024-05-15 14:55:48] INFO:apscheduler.executors.default:Job "DFCFDataLoader.run (trigger: cron[hour='10,13-14', minute='*', second='*/3'], next run at: 2024-05-15 14:55:51 CST)" executed successfully
[2024-05-15 14:55:51] INFO:apscheduler.executors.default:Running job "DFCFDataLoader.run (trigger: cron[hour='10,13-14', minute='*', second='*/3'], next run at: 2024-05-15 14:55:54 CST)" (scheduled at 2024-05-15 14:55:51+08:00)
[2024-05-15 14:55:51] INFO:apscheduler.executors.default:Job "DFCFDataLoader.run (trigger: cron[hour='10,13-14', minute='*', second='*/3'], next run at: 2024-05-15 14:55:54 CST)" executed successfully
[2024-05-15 14:55:54] INFO:apscheduler.executors.default:Running job "DFCFDataLoader.run (trigger: cron[hour='10,13-14', minute='*', second='*/3'], next run at: 2024-05-15 14:55:57 CST)" (scheduled at 2024-05-15 14:55:54+08:00)
[2024-05-15 14:55:54] INFO:apscheduler.executors.default:Job "DFCFDataLoader.run (trigger: cron[hour='10,13-14', minute='*', second='*/3'], next run at: 2024-05-15 14:55:57 CST)" executed successfully
[2024-05-15 14:55:57] INFO:apscheduler.executors.default:Running job "DFCFDataLoader.run (trigger: cron[hour='10,13-14', minute='*', second='*/3'], next run at: 2024-05-15 14:56:00 CST)" (scheduled at 2024-05-15 14:55:57+08:00)
[2024-05-15 14:55:57] INFO:apscheduler.executors.default:Job "DFCFDataLoader.run (trigger: cron[hour='10,13-14', minute='*', second='*/3'], next run at: 2024-05-15 14:56:00 CST)" executed successfully
[2024-05-15 14:56:00] INFO:apscheduler.executors.default:Running job "DFCFDataLoader.run (trigger: cron[hour='10,13-14', minute='*', second='*/3'], next run at: 2024-05-15 14:56:03 CST)" (scheduled at 2024-05-15 14:56:00+08:00)
[2024-05-15 14:56:00] INFO:apscheduler.executors.default:Job "DFCFDataLoader.run (trigger: cron[hour='10,13-14', minute='*', second='*/3'], next run at: 2024-05-15 14:56:03 CST)" executed successfully
[2024-05-15 14:56:03] INFO:apscheduler.executors.default:Running job "DFCFDataLoader.run (trigger: cron[hour='10,13-14', minute='*', second='*/3'], next run at: 2024-05-15 14:56:06 CST)" (scheduled at 2024-05-15 14:56:03+08:00)
[2024-05-15 14:56:03] INFO:apscheduler.executors.default:Job "DFCFDataLoader.run (trigger: cron[hour='10,13-14', minute='*', second='*/3'], next run at: 2024-05-15 14:56:06 CST)" executed successfully
[2024-05-15 14:56:06] INFO:apscheduler.executors.default:Running job "DFCFDataLoader.run (trigger: cron[hour='10,13-14', minute='*', second='*/3'], next run at: 2024-05-15 14:56:09 CST)" (scheduled at 2024-05-15 14:56:06+08:00)
[2024-05-15 14:56:06] INFO:apscheduler.executors.default:Job "DFCFDataLoader.run (trigger: cron[hour='10,13-14', minute='*', second='*/3'], next run at: 2024-05-15 14:56:09 CST)" executed successfully
[2024-05-15 14:56:09] INFO:apscheduler.executors.default:Running job "DFCFDataLoader.run (trigger: cron[hour='10,13-14', minute='*', second='*/3'], next run at: 2024-05-15 14:56:12 CST)" (scheduled at 2024-05-15 14:56:09+08:00)
[2024-05-15 14:56:09] INFO:apscheduler.executors.default:Job "DFCFDataLoader.run (trigger: cron[hour='10,13-14', minute='*', second='*/3'], next run at: 2024-05-15 14:56:12 CST)" executed successfully
[2024-05-15 14:56:12] INFO:apscheduler.executors.default:Running job "DFCFDataLoader.run (trigger: cron[hour='10,13-14', minute='*', second='*/3'], next run at: 2024-05-15 14:56:15 CST)" (scheduled at 2024-05-15 14:56:12+08:00)
[2024-05-15 14:56:12] INFO:apscheduler.executors.default:Job "DFCFDataLoader.run (trigger: cron[hour='10,13-14', minute='*', second='*/3'], next run at: 2024-05-15 14:56:15 CST)" executed successfully
[2024-05-15 14:56:15] INFO:apscheduler.executors.default:Running job "DFCFDataLoader.run (trigger: cron[hour='10,13-14', minute='*', second='*/3'], next run at: 2024-05-15 14:56:18 CST)" (scheduled at 2024-05-15 14:56:15+08:00)
[2024-05-15 14:56:15] INFO:apscheduler.executors.default:Job "DFCFDataLoader.run (trigger: cron[hour='10,13-14', minute='*', second='*/3'], next run at: 2024-05-15 14:56:18 CST)" executed successfully
[2024-05-15 14:56:18] INFO:apscheduler.executors.default:Running job "DFCFDataLoader.run (trigger: cron[hour='10,13-14', minute='*', second='*/3'], next run at: 2024-05-15 14:56:21 CST)" (scheduled at 2024-05-15 14:56:18+08:00)
[2024-05-15 14:56:18] INFO:apscheduler.executors.default:Job "DFCFDataLoader.run (trigger: cron[hour='10,13-14', minute='*', second='*/3'], next run at: 2024-05-15 14:56:21 CST)" executed successfully
[2024-05-15 14:56:21] INFO:apscheduler.executors.default:Running job "DFCFDataLoader.run (trigger: cron[hour='10,13-14', minute='*', second='*/3'], next run at: 2024-05-15 14:56:24 CST)" (scheduled at 2024-05-15 14:56:21+08:00)
[2024-05-15 14:56:21] INFO:apscheduler.executors.default:Job "DFCFDataLoader.run (trigger: cron[hour='10,13-14', minute='*', second='*/3'], next run at: 2024-05-15 14:56:24 CST)" executed successfully
[2024-05-15 14:56:24] INFO:apscheduler.executors.default:Running job "DFCFDataLoader.run (trigger: cron[hour='10,13-14', minute='*', second='*/3'], next run at: 2024-05-15 14:56:27 CST)" (scheduled at 2024-05-15 14:56:24+08:00)
[2024-05-15 14:56:24] INFO:apscheduler.executors.default:Job "DFCFDataLoader.run (trigger: cron[hour='10,13-14', minute='*', second='*/3'], next run at: 2024-05-15 14:56:27 CST)" executed successfully
[2024-05-15 14:56:27] INFO:apscheduler.executors.default:Running job "DFCFDataLoader.run (trigger: cron[hour='10,13-14', minute='*', second='*/3'], next run at: 2024-05-15 14:56:30 CST)" (scheduled at 2024-05-15 14:56:27+08:00)
[2024-05-15 14:56:27] INFO:apscheduler.executors.default:Job "DFCFDataLoader.run (trigger: cron[hour='10,13-14', minute='*', second='*/3'], next run at: 2024-05-15 14:56:30 CST)" executed successfully
[2024-05-15 14:56:30] INFO:apscheduler.executors.default:Running job "DFCFDataLoader.run (trigger: cron[hour='10,13-14', minute='*', second='*/3'], next run at: 2024-05-15 14:56:33 CST)" (scheduled at 2024-05-15 14:56:30+08:00)
[2024-05-15 14:56:30] INFO:apscheduler.executors.default:Job "DFCFDataLoader.run (trigger: cron[hour='10,13-14', minute='*', second='*/3'], next run at: 2024-05-15 14:56:33 CST)" executed successfully
[2024-05-15 14:56:33] INFO:apscheduler.executors.default:Running job "DFCFDataLoader.run (trigger: cron[hour='10,13-14', minute='*', second='*/3'], next run at: 2024-05-15 14:56:36 CST)" (scheduled at 2024-05-15 14:56:33+08:00)
[2024-05-15 14:56:33] INFO:apscheduler.executors.default:Job "DFCFDataLoader.run (trigger: cron[hour='10,13-14', minute='*', second='*/3'], next run at: 2024-05-15 14:56:36 CST)" executed successfully
[2024-05-15 14:56:36] INFO:apscheduler.executors.default:Running job "DFCFDataLoader.run (trigger: cron[hour='10,13-14', minute='*', second='*/3'], next run at: 2024-05-15 14:56:39 CST)" (scheduled at 2024-05-15 14:56:36+08:00)
[2024-05-15 14:56:36] INFO:apscheduler.executors.default:Job "DFCFDataLoader.run (trigger: cron[hour='10,13-14', minute='*', second='*/3'], next run at: 2024-05-15 14:56:39 CST)" executed successfully
[2024-05-15 14:56:39] INFO:apscheduler.executors.default:Running job "DFCFDataLoader.run (trigger: cron[hour='10,13-14', minute='*', second='*/3'], next run at: 2024-05-15 14:56:42 CST)" (scheduled at 2024-05-15 14:56:39+08:00)
[2024-05-15 14:56:39] INFO:apscheduler.executors.default:Job "DFCFDataLoader.run (trigger: cron[hour='10,13-14', minute='*', second='*/3'], next run at: 2024-05-15 14:56:42 CST)" executed successfully
[2024-05-15 14:56:42] INFO:apscheduler.executors.default:Running job "DFCFDataLoader.run (trigger: cron[hour='10,13-14', minute='*', second='*/3'], next run at: 2024-05-15 14:56:45 CST)" (scheduled at 2024-05-15 14:56:42+08:00)
[2024-05-15 14:56:42] INFO:apscheduler.executors.default:Job "DFCFDataLoader.run (trigger: cron[hour='10,13-14', minute='*', second='*/3'], next run at: 2024-05-15 14:56:45 CST)" executed successfully
[2024-05-15 14:56:45] INFO:apscheduler.executors.default:Running job "DFCFDataLoader.run (trigger: cron[hour='10,13-14', minute='*', second='*/3'], next run at: 2024-05-15 14:56:48 CST)" (scheduled at 2024-05-15 14:56:45+08:00)
[2024-05-15 14:56:45] INFO:apscheduler.executors.default:Job "DFCFDataLoader.run (trigger: cron[hour='10,13-14', minute='*', second='*/3'], next run at: 2024-05-15 14:56:48 CST)" executed successfully
[2024-05-15 14:56:48] INFO:apscheduler.executors.default:Running job "DFCFDataLoader.run (trigger: cron[hour='10,13-14', minute='*', second='*/3'], next run at: 2024-05-15 14:56:51 CST)" (scheduled at 2024-05-15 14:56:48+08:00)
[2024-05-15 14:56:48] INFO:apscheduler.executors.default:Job "DFCFDataLoader.run (trigger: cron[hour='10,13-14', minute='*', second='*/3'], next run at: 2024-05-15 14:56:51 CST)" executed successfully
[2024-05-15 14:56:51] INFO:apscheduler.executors.default:Running job "DFCFDataLoader.run (trigger: cron[hour='10,13-14', minute='*', second='*/3'], next run at: 2024-05-15 14:56:54 CST)" (scheduled at 2024-05-15 14:56:51+08:00)
[2024-05-15 14:56:51] INFO:apscheduler.executors.default:Job "DFCFDataLoader.run (trigger: cron[hour='10,13-14', minute='*', second='*/3'], next run at: 2024-05-15 14:56:54 CST)" executed successfully
[2024-05-15 14:56:54] INFO:apscheduler.executors.default:Running job "DFCFDataLoader.run (trigger: cron[hour='10,13-14', minute='*', second='*/3'], next run at: 2024-05-15 14:56:57 CST)" (scheduled at 2024-05-15 14:56:54+08:00)
[2024-05-15 14:56:54] INFO:apscheduler.executors.default:Job "DFCFDataLoader.run (trigger: cron[hour='10,13-14', minute='*', second='*/3'], next run at: 2024-05-15 14:56:57 CST)" executed successfully
[2024-05-15 14:56:57] INFO:apscheduler.executors.default:Running job "DFCFDataLoader.run (trigger: cron[hour='10,13-14', minute='*', second='*/3'], next run at: 2024-05-15 14:57:00 CST)" (scheduled at 2024-05-15 14:56:57+08:00)
[2024-05-15 14:56:57] INFO:apscheduler.executors.default:Job "DFCFDataLoader.run (trigger: cron[hour='10,13-14', minute='*', second='*/3'], next run at: 2024-05-15 14:57:00 CST)" executed successfully
[2024-05-15 14:57:00] INFO:apscheduler.executors.default:Running job "DFCFDataLoader.run (trigger: cron[hour='10,13-14', minute='*', second='*/3'], next run at: 2024-05-15 14:57:03 CST)" (scheduled at 2024-05-15 14:57:00+08:00)
[2024-05-15 14:57:00] INFO:apscheduler.executors.default:Job "DFCFDataLoader.run (trigger: cron[hour='10,13-14', minute='*', second='*/3'], next run at: 2024-05-15 14:57:03 CST)" executed successfully
[2024-05-15 14:57:03] INFO:apscheduler.executors.default:Running job "DFCFDataLoader.run (trigger: cron[hour='10,13-14', minute='*', second='*/3'], next run at: 2024-05-15 14:57:06 CST)" (scheduled at 2024-05-15 14:57:03+08:00)
[2024-05-15 14:57:03] INFO:apscheduler.executors.default:Job "DFCFDataLoader.run (trigger: cron[hour='10,13-14', minute='*', second='*/3'], next run at: 2024-05-15 14:57:06 CST)" executed successfully
[2024-05-15 14:57:06] INFO:apscheduler.executors.default:Running job "DFCFDataLoader.run (trigger: cron[hour='10,13-14', minute='*', second='*/3'], next run at: 2024-05-15 14:57:09 CST)" (scheduled at 2024-05-15 14:57:06+08:00)
[2024-05-15 14:57:06] INFO:apscheduler.executors.default:Job "DFCFDataLoader.run (trigger: cron[hour='10,13-14', minute='*', second='*/3'], next run at: 2024-05-15 14:57:09 CST)" executed successfully
[2024-05-15 14:57:09] INFO:apscheduler.executors.default:Running job "DFCFDataLoader.run (trigger: cron[hour='10,13-14', minute='*', second='*/3'], next run at: 2024-05-15 14:57:12 CST)" (scheduled at 2024-05-15 14:57:09+08:00)
[2024-05-15 14:57:09] INFO:apscheduler.executors.default:Job "DFCFDataLoader.run (trigger: cron[hour='10,13-14', minute='*', second='*/3'], next run at: 2024-05-15 14:57:12 CST)" executed successfully
[2024-05-15 14:57:12] INFO:apscheduler.executors.default:Running job "DFCFDataLoader.run (trigger: cron[hour='10,13-14', minute='*', second='*/3'], next run at: 2024-05-15 14:57:15 CST)" (scheduled at 2024-05-15 14:57:12+08:00)
[2024-05-15 14:57:12] INFO:apscheduler.executors.default:Job "DFCFDataLoader.run (trigger: cron[hour='10,13-14', minute='*', second='*/3'], next run at: 2024-05-15 14:57:15 CST)" executed successfully
[2024-05-15 14:57:15] INFO:apscheduler.executors.default:Running job "DFCFDataLoader.run (trigger: cron[hour='10,13-14', minute='*', second='*/3'], next run at: 2024-05-15 14:57:18 CST)" (scheduled at 2024-05-15 14:57:15+08:00)
[2024-05-15 14:57:15] INFO:apscheduler.executors.default:Job "DFCFDataLoader.run (trigger: cron[hour='10,13-14', minute='*', second='*/3'], next run at: 2024-05-15 14:57:18 CST)" executed successfully
[2024-05-15 14:57:18] INFO:apscheduler.executors.default:Running job "DFCFDataLoader.run (trigger: cron[hour='10,13-14', minute='*', second='*/3'], next run at: 2024-05-15 14:57:21 CST)" (scheduled at 2024-05-15 14:57:18+08:00)
[2024-05-15 14:57:18] INFO:apscheduler.executors.default:Job "DFCFDataLoader.run (trigger: cron[hour='10,13-14', minute='*', second='*/3'], next run at: 2024-05-15 14:57:21 CST)" executed successfully
[2024-05-15 14:57:21] INFO:apscheduler.executors.default:Running job "DFCFDataLoader.run (trigger: cron[hour='10,13-14', minute='*', second='*/3'], next run at: 2024-05-15 14:57:24 CST)" (scheduled at 2024-05-15 14:57:21+08:00)
[2024-05-15 14:57:21] INFO:apscheduler.executors.default:Job "DFCFDataLoader.run (trigger: cron[hour='10,13-14', minute='*', second='*/3'], next run at: 2024-05-15 14:57:24 CST)" executed successfully
[2024-05-15 14:57:24] INFO:apscheduler.executors.default:Running job "DFCFDataLoader.run (trigger: cron[hour='10,13-14', minute='*', second='*/3'], next run at: 2024-05-15 14:57:27 CST)" (scheduled at 2024-05-15 14:57:24+08:00)
[2024-05-15 14:57:24] INFO:apscheduler.executors.default:Job "DFCFDataLoader.run (trigger: cron[hour='10,13-14', minute='*', second='*/3'], next run at: 2024-05-15 14:57:27 CST)" executed successfully
[2024-05-15 14:57:27] INFO:apscheduler.executors.default:Running job "DFCFDataLoader.run (trigger: cron[hour='10,13-14', minute='*', second='*/3'], next run at: 2024-05-15 14:57:30 CST)" (scheduled at 2024-05-15 14:57:27+08:00)
[2024-05-15 14:57:27] INFO:apscheduler.executors.default:Job "DFCFDataLoader.run (trigger: cron[hour='10,13-14', minute='*', second='*/3'], next run at: 2024-05-15 14:57:30 CST)" executed successfully
[2024-05-15 14:57:30] INFO:apscheduler.executors.default:Running job "DFCFDataLoader.run (trigger: cron[hour='10,13-14', minute='*', second='*/3'], next run at: 2024-05-15 14:57:33 CST)" (scheduled at 2024-05-15 14:57:30+08:00)
[2024-05-15 14:57:30] INFO:apscheduler.executors.default:Job "DFCFDataLoader.run (trigger: cron[hour='10,13-14', minute='*', second='*/3'], next run at: 2024-05-15 14:57:33 CST)" executed successfully
[2024-05-15 14:57:33] INFO:apscheduler.executors.default:Running job "DFCFDataLoader.run (trigger: cron[hour='10,13-14', minute='*', second='*/3'], next run at: 2024-05-15 14:57:36 CST)" (scheduled at 2024-05-15 14:57:33+08:00)
[2024-05-15 14:57:33] INFO:apscheduler.executors.default:Job "DFCFDataLoader.run (trigger: cron[hour='10,13-14', minute='*', second='*/3'], next run at: 2024-05-15 14:57:36 CST)" executed successfully
[2024-05-15 14:57:36] INFO:apscheduler.executors.default:Running job "DFCFDataLoader.run (trigger: cron[hour='10,13-14', minute='*', second='*/3'], next run at: 2024-05-15 14:57:39 CST)" (scheduled at 2024-05-15 14:57:36+08:00)
